{"C:\\Projects\\internship_tracker\\backend\\server.js": {"path":"C:\\Projects\\internship_tracker\\backend\\server.js","statementMap":{"0":{"start":{"line":1,"column":16},"end":{"line":1,"column":34}},"1":{"start":{"line":2,"column":12},"end":{"line":2,"column":21}},"2":{"start":{"line":3,"column":25},"end":{"line":3,"column":56}},"3":{"start":{"line":4,"column":0},"end":{"line":4,"column":24}},"4":{"start":{"line":5,"column":0},"end":{"line":5,"column":46}},"5":{"start":{"line":6,"column":0},"end":{"line":6,"column":74}},"6":{"start":{"line":6,"column":27},"end":{"line":6,"column":72}},"7":{"start":{"line":7,"column":0},"end":{"line":10,"column":1}},"8":{"start":{"line":8,"column":15},"end":{"line":8,"column":39}},"9":{"start":{"line":9,"column":2},"end":{"line":9,"column":89}},"10":{"start":{"line":9,"column":25},"end":{"line":9,"column":87}},"11":{"start":{"line":11,"column":0},"end":{"line":11,"column":21}}},"fnMap":{"0":{"name":"(anonymous_0)","decl":{"start":{"line":6,"column":13},"end":{"line":6,"column":14}},"loc":{"start":{"line":6,"column":27},"end":{"line":6,"column":72}},"line":6},"1":{"name":"(anonymous_1)","decl":{"start":{"line":9,"column":19},"end":{"line":9,"column":20}},"loc":{"start":{"line":9,"column":25},"end":{"line":9,"column":87}},"line":9}},"branchMap":{"0":{"loc":{"start":{"line":7,"column":0},"end":{"line":10,"column":1}},"type":"if","locations":[{"start":{"line":7,"column":0},"end":{"line":10,"column":1}},{"start":{},"end":{}}],"line":7},"1":{"loc":{"start":{"line":8,"column":15},"end":{"line":8,"column":39}},"type":"binary-expr","locations":[{"start":{"line":8,"column":15},"end":{"line":8,"column":31}},{"start":{"line":8,"column":35},"end":{"line":8,"column":39}}],"line":8}},"s":{"0":1,"1":1,"2":1,"3":1,"4":1,"5":1,"6":0,"7":1,"8":0,"9":0,"10":0,"11":1},"f":{"0":0,"1":0},"b":{"0":[0,1],"1":[0,0]},"_coverageSchema":"1a1c01bbd47fc00a2c39e90264f33305004495a9","hash":"e639e3b2c91682194f9f832e8cf27a645eb41458"}
,"C:\\Projects\\internship_tracker\\backend\\config\\db.js": {"path":"C:\\Projects\\internship_tracker\\backend\\config\\db.js","statementMap":{"0":{"start":{"line":1,"column":17},"end":{"line":1,"column":30}},"1":{"start":{"line":2,"column":0},"end":{"line":2,"column":27}},"2":{"start":{"line":4,"column":13},"end":{"line":10,"column":2}},"3":{"start":{"line":12,"column":0},"end":{"line":12,"column":22}}},"fnMap":{},"branchMap":{"0":{"loc":{"start":{"line":7,"column":8},"end":{"line":7,"column":42}},"type":"binary-expr","locations":[{"start":{"line":7,"column":8},"end":{"line":7,"column":27}},{"start":{"line":7,"column":31},"end":{"line":7,"column":42}}],"line":7},"1":{"loc":{"start":{"line":8,"column":8},"end":{"line":8,"column":35}},"type":"binary-expr","locations":[{"start":{"line":8,"column":8},"end":{"line":8,"column":27}},{"start":{"line":8,"column":31},"end":{"line":8,"column":35}}],"line":8}},"s":{"0":1,"1":1,"2":1,"3":1},"f":{},"b":{"0":[1,0],"1":[1,0]},"_coverageSchema":"1a1c01bbd47fc00a2c39e90264f33305004495a9","hash":"bd3048328e6779d546044bea9ce54a1888161b62"}
,"C:\\Projects\\internship_tracker\\backend\\routes\\internships.js": {"path":"C:\\Projects\\internship_tracker\\backend\\routes\\internships.js","statementMap":{"0":{"start":{"line":1,"column":16},"end":{"line":1,"column":34}},"1":{"start":{"line":2,"column":15},"end":{"line":2,"column":31}},"2":{"start":{"line":3,"column":13},"end":{"line":3,"column":36}},"3":{"start":{"line":4,"column":0},"end":{"line":7,"column":3}},"4":{"start":{"line":5,"column":17},"end":{"line":5,"column":62}},"5":{"start":{"line":6,"column":2},"end":{"line":6,"column":24}},"6":{"start":{"line":8,"column":0},"end":{"line":15,"column":3}},"7":{"start":{"line":9,"column":48},"end":{"line":9,"column":56}},"8":{"start":{"line":10,"column":17},"end":{"line":13,"column":3}},"9":{"start":{"line":14,"column":2},"end":{"line":14,"column":80}},"10":{"start":{"line":16,"column":0},"end":{"line":24,"column":3}},"11":{"start":{"line":17,"column":21},"end":{"line":17,"column":29}},"12":{"start":{"line":18,"column":17},"end":{"line":18,"column":27}},"13":{"start":{"line":19,"column":2},"end":{"line":22,"column":4}},"14":{"start":{"line":23,"column":2},"end":{"line":23,"column":59}},"15":{"start":{"line":25,"column":0},"end":{"line":29,"column":3}},"16":{"start":{"line":26,"column":17},"end":{"line":26,"column":27}},"17":{"start":{"line":27,"column":2},"end":{"line":27,"column":66}},"18":{"start":{"line":28,"column":2},"end":{"line":28,"column":59}},"19":{"start":{"line":30,"column":0},"end":{"line":30,"column":24}}},"fnMap":{"0":{"name":"(anonymous_0)","decl":{"start":{"line":4,"column":16},"end":{"line":4,"column":17}},"loc":{"start":{"line":4,"column":36},"end":{"line":7,"column":1}},"line":4},"1":{"name":"(anonymous_1)","decl":{"start":{"line":8,"column":17},"end":{"line":8,"column":18}},"loc":{"start":{"line":8,"column":37},"end":{"line":15,"column":1}},"line":8},"2":{"name":"(anonymous_2)","decl":{"start":{"line":16,"column":19},"end":{"line":16,"column":20}},"loc":{"start":{"line":16,"column":39},"end":{"line":24,"column":1}},"line":16},"3":{"name":"(anonymous_3)","decl":{"start":{"line":25,"column":22},"end":{"line":25,"column":23}},"loc":{"start":{"line":25,"column":42},"end":{"line":29,"column":1}},"line":25}},"branchMap":{},"s":{"0":1,"1":1,"2":1,"3":1,"4":1,"5":1,"6":1,"7":1,"8":1,"9":1,"10":1,"11":1,"12":1,"13":1,"14":1,"15":1,"16":1,"17":1,"18":1,"19":1},"f":{"0":1,"1":1,"2":1,"3":1},"b":{},"_coverageSchema":"1a1c01bbd47fc00a2c39e90264f33305004495a9","hash":"9dbaf462ccef90f5fa71dce78282cf417850551e"}
}
