TN:
SF:server.js
FN:6,(anonymous_0)
FN:9,(anonymous_1)
FNF:2
FNH:0
FNDA:0,(anonymous_0)
FNDA:0,(anonymous_1)
DA:1,1
DA:2,1
DA:3,1
DA:4,1
DA:5,1
DA:6,1
DA:7,1
DA:8,0
DA:9,0
DA:11,1
LF:10
LH:8
BRDA:7,0,0,0
BRDA:7,0,1,1
BRDA:8,1,0,0
BRDA:8,1,1,0
BRF:4
BRH:1
end_of_record
TN:
SF:config\db.js
FNF:0
FNH:0
DA:1,1
DA:2,1
DA:4,1
DA:12,1
LF:4
LH:4
BRDA:7,0,0,1
BRDA:7,0,1,0
BRDA:8,1,0,1
BRDA:8,1,1,0
BRF:4
BRH:2
end_of_record
TN:
SF:routes\internships.js
FN:4,(anonymous_0)
FN:8,(anonymous_1)
FN:16,(anonymous_2)
FN:25,(anonymous_3)
FNF:4
FNH:4
FNDA:1,(anonymous_0)
FNDA:1,(anonymous_1)
FNDA:1,(anonymous_2)
FNDA:1,(anonymous_3)
DA:1,1
DA:2,1
DA:3,1
DA:4,1
DA:5,1
DA:6,1
DA:8,1
DA:9,1
DA:10,1
DA:14,1
DA:16,1
DA:17,1
DA:18,1
DA:19,1
DA:23,1
DA:25,1
DA:26,1
DA:27,1
DA:28,1
DA:30,1
LF:20
LH:20
BRF:0
BRH:0
end_of_record
